mode: set
spartan-scraper/internal/pipeline/interfaces.go:25.36,27.2 1 1
spartan-scraper/internal/pipeline/interfaces.go:29.34,31.2 1 1
spartan-scraper/internal/pipeline/interfaces.go:33.53,35.2 1 1
spartan-scraper/internal/pipeline/interfaces.go:37.78,39.2 1 1
spartan-scraper/internal/pipeline/interfaces.go:41.96,43.2 1 1
spartan-scraper/internal/pipeline/interfaces.go:45.84,47.2 1 1
spartan-scraper/internal/pipeline/interfaces.go:49.104,51.2 1 1
spartan-scraper/internal/pipeline/interfaces.go:53.81,55.2 1 1
spartan-scraper/internal/pipeline/interfaces.go:57.100,59.2 1 1
spartan-scraper/internal/pipeline/js.go:37.58,40.16 3 1
spartan-scraper/internal/pipeline/js.go:40.16,41.25 1 1
spartan-scraper/internal/pipeline/js.go:41.25,43.4 1 1
spartan-scraper/internal/pipeline/js.go:44.3,44.18 1 0
spartan-scraper/internal/pipeline/js.go:46.2,47.55 2 1
spartan-scraper/internal/pipeline/js.go:47.55,49.3 1 1
spartan-scraper/internal/pipeline/js.go:50.2,50.51 1 1
spartan-scraper/internal/pipeline/js.go:53.60,54.37 1 1
spartan-scraper/internal/pipeline/js.go:54.37,56.3 1 1
spartan-scraper/internal/pipeline/js.go:57.2,58.16 2 1
spartan-scraper/internal/pipeline/js.go:58.16,60.3 1 1
spartan-scraper/internal/pipeline/js.go:61.2,62.35 2 1
spartan-scraper/internal/pipeline/js.go:62.35,63.55 1 1
spartan-scraper/internal/pipeline/js.go:63.55,65.4 1 1
spartan-scraper/internal/pipeline/js.go:67.2,67.12 1 1
spartan-scraper/internal/pipeline/js.go:70.92,71.23 1 1
spartan-scraper/internal/pipeline/js.go:71.23,73.3 1 1
spartan-scraper/internal/pipeline/js.go:74.2,78.33 5 1
spartan-scraper/internal/pipeline/js.go:78.33,79.89 1 1
spartan-scraper/internal/pipeline/js.go:79.89,80.12 1 1
spartan-scraper/internal/pipeline/js.go:82.3,82.45 1 1
spartan-scraper/internal/pipeline/js.go:82.45,84.4 1 1
spartan-scraper/internal/pipeline/js.go:85.3,85.46 1 1
spartan-scraper/internal/pipeline/js.go:85.46,87.4 1 1
spartan-scraper/internal/pipeline/js.go:88.3,88.32 1 1
spartan-scraper/internal/pipeline/js.go:88.32,90.4 1 1
spartan-scraper/internal/pipeline/js.go:92.2,92.29 1 1
spartan-scraper/internal/pipeline/js.go:95.65,96.38 1 1
spartan-scraper/internal/pipeline/js.go:96.38,98.3 1 1
spartan-scraper/internal/pipeline/js.go:100.2,102.35 2 1
spartan-scraper/internal/pipeline/js.go:102.35,104.20 2 1
spartan-scraper/internal/pipeline/js.go:104.20,105.12 1 0
spartan-scraper/internal/pipeline/js.go:107.3,107.22 1 1
spartan-scraper/internal/pipeline/js.go:107.22,109.4 1 1
spartan-scraper/internal/pipeline/js.go:110.3,110.39 1 1
spartan-scraper/internal/pipeline/js.go:110.39,112.43 2 1
spartan-scraper/internal/pipeline/js.go:112.43,114.5 1 1
spartan-scraper/internal/pipeline/js.go:115.4,115.12 1 1
spartan-scraper/internal/pipeline/js.go:117.3,117.39 1 1
spartan-scraper/internal/pipeline/js.go:117.39,119.39 2 1
spartan-scraper/internal/pipeline/js.go:119.39,121.5 1 1
spartan-scraper/internal/pipeline/js.go:122.4,122.12 1 1
spartan-scraper/internal/pipeline/js.go:125.2,125.14 1 1
spartan-scraper/internal/pipeline/js.go:128.44,130.16 2 1
spartan-scraper/internal/pipeline/js.go:130.16,132.3 1 1
spartan-scraper/internal/pipeline/js.go:133.2,133.13 1 1
spartan-scraper/internal/pipeline/registry.go:24.30,29.2 1 1
spartan-scraper/internal/pipeline/registry.go:31.44,36.2 1 1
spartan-scraper/internal/pipeline/registry.go:38.65,43.2 1 0
spartan-scraper/internal/pipeline/registry.go:45.82,47.2 1 1
spartan-scraper/internal/pipeline/registry.go:49.84,51.78 2 0
spartan-scraper/internal/pipeline/registry.go:51.78,54.17 3 0
spartan-scraper/internal/pipeline/registry.go:54.17,56.4 1 0
spartan-scraper/internal/pipeline/registry.go:58.2,58.16 1 0
spartan-scraper/internal/pipeline/registry.go:61.103,63.79 2 0
spartan-scraper/internal/pipeline/registry.go:63.79,66.17 3 0
spartan-scraper/internal/pipeline/registry.go:66.17,68.4 1 0
spartan-scraper/internal/pipeline/registry.go:70.2,70.17 1 0
spartan-scraper/internal/pipeline/registry.go:73.90,75.80 2 0
spartan-scraper/internal/pipeline/registry.go:75.80,78.17 3 0
spartan-scraper/internal/pipeline/registry.go:78.17,80.4 1 0
spartan-scraper/internal/pipeline/registry.go:82.2,82.16 1 0
spartan-scraper/internal/pipeline/registry.go:85.111,87.81 2 0
spartan-scraper/internal/pipeline/registry.go:87.81,90.17 3 0
spartan-scraper/internal/pipeline/registry.go:90.17,92.4 1 0
spartan-scraper/internal/pipeline/registry.go:94.2,94.17 1 0
spartan-scraper/internal/pipeline/registry.go:97.87,99.79 2 0
spartan-scraper/internal/pipeline/registry.go:99.79,102.17 3 0
spartan-scraper/internal/pipeline/registry.go:102.17,104.4 1 0
spartan-scraper/internal/pipeline/registry.go:106.2,106.16 1 0
spartan-scraper/internal/pipeline/registry.go:109.107,111.80 2 0
spartan-scraper/internal/pipeline/registry.go:111.80,114.17 3 0
spartan-scraper/internal/pipeline/registry.go:114.17,116.4 1 0
spartan-scraper/internal/pipeline/registry.go:118.2,118.17 1 0
spartan-scraper/internal/pipeline/registry.go:121.91,127.73 3 0
spartan-scraper/internal/pipeline/registry.go:127.73,133.17 6 0
spartan-scraper/internal/pipeline/registry.go:133.17,135.4 1 0
spartan-scraper/internal/pipeline/registry.go:137.2,137.17 1 0
spartan-scraper/internal/pipeline/registry.go:140.82,142.34 2 1
spartan-scraper/internal/pipeline/registry.go:142.34,144.23 2 1
spartan-scraper/internal/pipeline/registry.go:144.23,146.4 1 0
spartan-scraper/internal/pipeline/registry.go:147.3,147.34 1 1
spartan-scraper/internal/pipeline/registry.go:147.34,148.12 1 1
spartan-scraper/internal/pipeline/registry.go:150.3,150.42 1 1
spartan-scraper/internal/pipeline/registry.go:150.42,151.12 1 0
spartan-scraper/internal/pipeline/registry.go:153.3,153.61 1 1
spartan-scraper/internal/pipeline/registry.go:153.61,154.12 1 0
spartan-scraper/internal/pipeline/registry.go:156.3,156.35 1 1
spartan-scraper/internal/pipeline/registry.go:158.2,158.48 1 1
spartan-scraper/internal/pipeline/registry.go:158.48,161.15 3 1
spartan-scraper/internal/pipeline/registry.go:161.15,163.4 1 0
spartan-scraper/internal/pipeline/registry.go:164.3,164.17 1 1
spartan-scraper/internal/pipeline/registry.go:166.2,167.32 2 1
spartan-scraper/internal/pipeline/registry.go:167.32,169.3 1 1
spartan-scraper/internal/pipeline/registry.go:170.2,170.12 1 1
spartan-scraper/internal/pipeline/registry.go:173.79,175.39 2 0
spartan-scraper/internal/pipeline/registry.go:175.39,176.47 1 0
spartan-scraper/internal/pipeline/registry.go:176.47,177.12 1 0
spartan-scraper/internal/pipeline/registry.go:179.3,179.95 1 0
spartan-scraper/internal/pipeline/registry.go:179.95,180.12 1 0
spartan-scraper/internal/pipeline/registry.go:182.3,182.35 1 0
spartan-scraper/internal/pipeline/registry.go:184.2,184.48 1 0
spartan-scraper/internal/pipeline/registry.go:184.48,187.15 3 0
spartan-scraper/internal/pipeline/registry.go:187.15,189.4 1 0
spartan-scraper/internal/pipeline/registry.go:190.3,190.17 1 0
spartan-scraper/internal/pipeline/registry.go:192.2,193.32 2 0
spartan-scraper/internal/pipeline/registry.go:193.32,195.3 1 0
spartan-scraper/internal/pipeline/registry.go:196.2,196.12 1 0
spartan-scraper/internal/pipeline/registry.go:199.52,200.27 1 1
spartan-scraper/internal/pipeline/registry.go:200.27,201.17 1 1
spartan-scraper/internal/pipeline/registry.go:201.17,203.4 1 1
spartan-scraper/internal/pipeline/registry.go:205.2,205.14 1 1
spartan-scraper/internal/pipeline/registry.go:208.71,209.23 1 1
spartan-scraper/internal/pipeline/registry.go:209.23,211.3 1 1
spartan-scraper/internal/pipeline/registry.go:212.2,212.24 1 0
spartan-scraper/internal/pipeline/registry.go:212.24,214.3 1 0
spartan-scraper/internal/pipeline/registry.go:215.2,215.13 1 0
spartan-scraper/internal/pipeline/registry.go:218.35,220.2 1 1
spartan-scraper/internal/pipeline/registry.go:222.36,224.2 1 0
spartan-scraper/internal/pipeline/registry.go:226.54,227.29 1 0
spartan-scraper/internal/pipeline/registry.go:227.29,228.20 1 0
spartan-scraper/internal/pipeline/registry.go:228.20,230.4 1 0
spartan-scraper/internal/pipeline/registry.go:232.2,232.14 1 0
spartan-scraper/internal/pipeline/transformers.go:16.39,18.2 1 1
spartan-scraper/internal/pipeline/transformers.go:20.58,22.2 1 1
spartan-scraper/internal/pipeline/transformers.go:24.87,29.2 1 1
spartan-scraper/internal/pipeline/types.go:42.51,48.2 1 1
spartan-scraper/internal/pipeline/types.go:50.40,52.15 2 1
spartan-scraper/internal/pipeline/types.go:52.15,54.3 1 1
spartan-scraper/internal/pipeline/types.go:55.2,56.43 2 1
spartan-scraper/internal/pipeline/types.go:56.43,57.36 1 1
spartan-scraper/internal/pipeline/types.go:57.36,59.45 2 1
spartan-scraper/internal/pipeline/types.go:59.45,61.5 1 1
spartan-scraper/internal/pipeline/types.go:63.3,63.30 1 1
spartan-scraper/internal/pipeline/types.go:65.2,65.43 1 1
spartan-scraper/internal/pipeline/types.go:68.26,77.2 1 1
